<?xml version="1.0" encoding="UTF-8"?>
<testsuite xmlns:xsi="http://www.w3.org/2001/XMLSchema-instance" xsi:noNamespaceSchemaLocation="https://maven.apache.org/surefire/maven-surefire-plugin/xsd/surefire-test-report-3.0.xsd" version="3.0" name="org.example.FlightpathTest" time="1.255" tests="5" errors="0" skipped="0" failures="0">
  <properties>
[...]
</properties>
  <testcase name="testBasicTest" classname="org.example.FlightpathTest" time="1.036">
    <system-out><![CDATA[File was written: drone-2023-10-15.geojson
File was written: flightpath-2023-10-15.json
File was written: deliveries-2023-10-15.json
Complete day path number of moves: 3381
]]></system-out>
  </testcase>
  <testcase name="testPathAngles" classname="org.example.FlightpathTest" time="0.0"/>
  <testcase name="testCompletePathNodeDistances" classname="org.example.FlightpathTest" time="0.003"/>
  <testcase name="testEachPathNodeDistances" classname="org.example.FlightpathTest" time="0.001"/>
  <testcase name="testSubPathEndPoints" classname="org.example.FlightpathTest" time="0.0"/>
</testsuite>